<?xml version="1.0" encoding="UTF-8"?>
<!-- Generated by org.testng.reporters.JUnitXMLReporter -->
<testsuite ignored="0" hostname="Sumits-MacBook-Pro.local" failures="2" tests="6" name="parallel" time="443.646" errors="0" timestamp="2023-09-22T09:07:51 IST">
  <testcase classname="com.sortly.automation.ui.test.SortlyFolderAndItemOperationTests" name="addAndDeleteFolderTestByOwner" time="60.23"/>
  <testcase classname="com.sortly.automation.ui.test.SortlyFolderAndItemOperationTests" name="addAndDeleteFolderTestByAdmin" time="56.394"/>
  <testcase classname="com.sortly.automation.ui.test.SortlyFolderAndItemOperationTests" name="createFiveFolderAndMoveFolderByAdmin" time="79.555">
    <failure type="org.openqa.selenium.ElementClickInterceptedException" message="Element &amp;lt;span class=&amp;quot;&amp;quot;&amp;gt; is not clickable at point (765,698) because another element &amp;lt;div class=&amp;quot;Spinner__LargeSpinnerWrapper-sc-19ibjy7-2 dnwgiY&amp;quot;&amp;gt; obscures it
Build info: version: &amp;apos;4.10.0&amp;apos;, revision: &amp;apos;c14d967899&amp;apos;
System info: os.name: &amp;apos;Mac OS X&amp;apos;, os.arch: &amp;apos;x86_64&amp;apos;, os.version: &amp;apos;12.0.1&amp;apos;, java.version: &amp;apos;17.0.5&amp;apos;
Driver info: org.openqa.selenium.firefox.FirefoxDriver
Command: [e5f6937c-e9d5-462f-8b63-bcea25175798, clickElement {id=7a62c834-63b6-4bc5-b192-6eb044338a78}]
Capabilities {acceptInsecureCerts: true, browserName: firefox, browserVersion: 117.0.1, moz:accessibilityChecks: false, moz:buildID: 20230912013654, moz:debuggerAddress: 127.0.0.1:10699, moz:geckodriverVersion: 0.33.0, moz:headless: false, moz:platformVersion: 21.1.0, moz:processID: 71069, moz:profile: /var/folders/_s/hws5qrm17qs..., moz:shutdownTimeout: 60000, moz:webdriverClick: true, moz:windowless: false, pageLoadStrategy: normal, platformName: mac, proxy: Proxy(), se:cdp: ws://127.0.0.1:10699/devtoo..., se:cdpVersion: 85.0, setWindowRect: true, strictFileInteractability: false, timeouts: {implicit: 0, pageLoad: 300000, script: 30000}, unhandledPromptBehavior: dismiss and notify}
Element: [[FirefoxDriver: firefox on mac (e5f6937c-e9d5-462f-8b63-bcea25175798)] -&amp;gt; xpath: //span[contains(text(), &amp;apos;Test Folder 00252&amp;apos;)]]
Session ID: e5f6937c-e9d5-462f-8b63-bcea25175798">
      <![CDATA[org.openqa.selenium.ElementClickInterceptedException: Element <span class=""> is not clickable at point (765,698) because another element <div class="Spinner__LargeSpinnerWrapper-sc-19ibjy7-2 dnwgiY"> obscures it
Build info: version: '4.10.0', revision: 'c14d967899'
System info: os.name: 'Mac OS X', os.arch: 'x86_64', os.version: '12.0.1', java.version: '17.0.5'
Driver info: org.openqa.selenium.firefox.FirefoxDriver
Command: [e5f6937c-e9d5-462f-8b63-bcea25175798, clickElement {id=7a62c834-63b6-4bc5-b192-6eb044338a78}]
Capabilities {acceptInsecureCerts: true, browserName: firefox, browserVersion: 117.0.1, moz:accessibilityChecks: false, moz:buildID: 20230912013654, moz:debuggerAddress: 127.0.0.1:10699, moz:geckodriverVersion: 0.33.0, moz:headless: false, moz:platformVersion: 21.1.0, moz:processID: 71069, moz:profile: /var/folders/_s/hws5qrm17qs..., moz:shutdownTimeout: 60000, moz:webdriverClick: true, moz:windowless: false, pageLoadStrategy: normal, platformName: mac, proxy: Proxy(), se:cdp: ws://127.0.0.1:10699/devtoo..., se:cdpVersion: 85.0, setWindowRect: true, strictFileInteractability: false, timeouts: {implicit: 0, pageLoad: 300000, script: 30000}, unhandledPromptBehavior: dismiss and notify}
Element: [[FirefoxDriver: firefox on mac (e5f6937c-e9d5-462f-8b63-bcea25175798)] -> xpath: //span[contains(text(), 'Test Folder 00252')]]
Session ID: e5f6937c-e9d5-462f-8b63-bcea25175798
at org.openqa.selenium.remote.codec.w3c.W3CHttpResponseCodec.createException(W3CHttpResponseCodec.java:199)
at org.openqa.selenium.remote.codec.w3c.W3CHttpResponseCodec.decode(W3CHttpResponseCodec.java:132)
at org.openqa.selenium.remote.codec.w3c.W3CHttpResponseCodec.decode(W3CHttpResponseCodec.java:51)
at org.openqa.selenium.remote.HttpCommandExecutor.execute(HttpCommandExecutor.java:191)
at org.openqa.selenium.remote.service.DriverCommandExecutor.invokeExecute(DriverCommandExecutor.java:196)
at org.openqa.selenium.remote.service.DriverCommandExecutor.execute(DriverCommandExecutor.java:171)
at org.openqa.selenium.remote.RemoteWebDriver.execute(RemoteWebDriver.java:531)
at org.openqa.selenium.remote.RemoteWebElement.execute(RemoteWebElement.java:242)
at org.openqa.selenium.remote.RemoteWebElement.click(RemoteWebElement.java:77)
at com.sortly.automation.ui.page.SortlyItemsPage.moveToFolder(SortlyItemsPage.java:248)
at com.sortly.automation.ui.test.SortlyFolderAndItemOperationTests.createFiveFolderAndMoveFolderByAdmin(SortlyFolderAndItemOperationTests.java:93)
at java.base/java.util.ArrayList.forEach(ArrayList.java:1511)
at java.base/java.util.concurrent.FutureTask.run(FutureTask.java:264)
at java.base/java.util.concurrent.ThreadPoolExecutor.runWorker(ThreadPoolExecutor.java:1136)
at java.base/java.util.concurrent.ThreadPoolExecutor$Worker.run(ThreadPoolExecutor.java:635)
at java.base/java.lang.Thread.run(Thread.java:833)
... Removed 22 stack frames]]>
    </failure>
  </testcase> <!-- createFiveFolderAndMoveFolderByAdmin -->
  <testcase classname="com.sortly.automation.ui.test.SortlyFolderAndItemOperationTests" name="createFiveFolderAndMoveFolderByOwner" time="81.491">
    <failure type="org.openqa.selenium.ElementClickInterceptedException" message="Element &amp;lt;span class=&amp;quot;&amp;quot;&amp;gt; is not clickable at point (761,708) because another element &amp;lt;div class=&amp;quot;Spinner__LargeSpinnerWrapper-sc-19ibjy7-2 dnwgiY&amp;quot;&amp;gt; obscures it
Build info: version: &amp;apos;4.10.0&amp;apos;, revision: &amp;apos;c14d967899&amp;apos;
System info: os.name: &amp;apos;Mac OS X&amp;apos;, os.arch: &amp;apos;x86_64&amp;apos;, os.version: &amp;apos;12.0.1&amp;apos;, java.version: &amp;apos;17.0.5&amp;apos;
Driver info: org.openqa.selenium.firefox.FirefoxDriver
Command: [3ffee1c1-d633-4fd1-a1a5-9171f251c92c, clickElement {id=e8c0eb81-35d8-4b5f-b7c2-5537e6fb0acd}]
Capabilities {acceptInsecureCerts: true, browserName: firefox, browserVersion: 117.0.1, moz:accessibilityChecks: false, moz:buildID: 20230912013654, moz:debuggerAddress: 127.0.0.1:22467, moz:geckodriverVersion: 0.33.0, moz:headless: false, moz:platformVersion: 21.1.0, moz:processID: 72310, moz:profile: /var/folders/_s/hws5qrm17qs..., moz:shutdownTimeout: 60000, moz:webdriverClick: true, moz:windowless: false, pageLoadStrategy: normal, platformName: mac, proxy: Proxy(), se:cdp: ws://127.0.0.1:22467/devtoo..., se:cdpVersion: 85.0, setWindowRect: true, strictFileInteractability: false, timeouts: {implicit: 0, pageLoad: 300000, script: 30000}, unhandledPromptBehavior: dismiss and notify}
Element: [[FirefoxDriver: firefox on mac (3ffee1c1-d633-4fd1-a1a5-9171f251c92c)] -&amp;gt; xpath: //span[contains(text(), &amp;apos;Test Folder 0025&amp;apos;)]]
Session ID: 3ffee1c1-d633-4fd1-a1a5-9171f251c92c">
      <![CDATA[org.openqa.selenium.ElementClickInterceptedException: Element <span class=""> is not clickable at point (761,708) because another element <div class="Spinner__LargeSpinnerWrapper-sc-19ibjy7-2 dnwgiY"> obscures it
Build info: version: '4.10.0', revision: 'c14d967899'
System info: os.name: 'Mac OS X', os.arch: 'x86_64', os.version: '12.0.1', java.version: '17.0.5'
Driver info: org.openqa.selenium.firefox.FirefoxDriver
Command: [3ffee1c1-d633-4fd1-a1a5-9171f251c92c, clickElement {id=e8c0eb81-35d8-4b5f-b7c2-5537e6fb0acd}]
Capabilities {acceptInsecureCerts: true, browserName: firefox, browserVersion: 117.0.1, moz:accessibilityChecks: false, moz:buildID: 20230912013654, moz:debuggerAddress: 127.0.0.1:22467, moz:geckodriverVersion: 0.33.0, moz:headless: false, moz:platformVersion: 21.1.0, moz:processID: 72310, moz:profile: /var/folders/_s/hws5qrm17qs..., moz:shutdownTimeout: 60000, moz:webdriverClick: true, moz:windowless: false, pageLoadStrategy: normal, platformName: mac, proxy: Proxy(), se:cdp: ws://127.0.0.1:22467/devtoo..., se:cdpVersion: 85.0, setWindowRect: true, strictFileInteractability: false, timeouts: {implicit: 0, pageLoad: 300000, script: 30000}, unhandledPromptBehavior: dismiss and notify}
Element: [[FirefoxDriver: firefox on mac (3ffee1c1-d633-4fd1-a1a5-9171f251c92c)] -> xpath: //span[contains(text(), 'Test Folder 0025')]]
Session ID: 3ffee1c1-d633-4fd1-a1a5-9171f251c92c
at org.openqa.selenium.remote.codec.w3c.W3CHttpResponseCodec.createException(W3CHttpResponseCodec.java:199)
at org.openqa.selenium.remote.codec.w3c.W3CHttpResponseCodec.decode(W3CHttpResponseCodec.java:132)
at org.openqa.selenium.remote.codec.w3c.W3CHttpResponseCodec.decode(W3CHttpResponseCodec.java:51)
at org.openqa.selenium.remote.HttpCommandExecutor.execute(HttpCommandExecutor.java:191)
at org.openqa.selenium.remote.service.DriverCommandExecutor.invokeExecute(DriverCommandExecutor.java:196)
at org.openqa.selenium.remote.service.DriverCommandExecutor.execute(DriverCommandExecutor.java:171)
at org.openqa.selenium.remote.RemoteWebDriver.execute(RemoteWebDriver.java:531)
at org.openqa.selenium.remote.RemoteWebElement.execute(RemoteWebElement.java:242)
at org.openqa.selenium.remote.RemoteWebElement.click(RemoteWebElement.java:77)
at com.sortly.automation.ui.page.SortlyItemsPage.moveToFolder(SortlyItemsPage.java:248)
at com.sortly.automation.ui.test.SortlyFolderAndItemOperationTests.createFiveFolderAndMoveFolderByOwner(SortlyFolderAndItemOperationTests.java:127)
at java.base/java.util.ArrayList.forEach(ArrayList.java:1511)
at java.base/java.util.concurrent.FutureTask.run(FutureTask.java:264)
at java.base/java.util.concurrent.ThreadPoolExecutor.runWorker(ThreadPoolExecutor.java:1136)
at java.base/java.util.concurrent.ThreadPoolExecutor$Worker.run(ThreadPoolExecutor.java:635)
at java.base/java.lang.Thread.run(Thread.java:833)
... Removed 22 stack frames]]>
    </failure>
  </testcase> <!-- createFiveFolderAndMoveFolderByOwner -->
  <testcase classname="com.sortly.automation.ui.test.SortlyFolderAndItemOperationTests" name="addAndCloneFolderTestByOwner" time="56.042"/>
  <testcase classname="com.sortly.automation.ui.test.SortlyFolderAndItemOperationTests" name="addAndCloneFolderTestByAdmin" time="55.254"/>
</testsuite> <!-- parallel -->
