<?xml version="1.0" encoding="UTF-8"?>
<!-- Generated by org.testng.reporters.JUnitXMLReporter -->
<testsuite ignored="0" hostname="Sumits-MacBook-Pro.local" failures="1" tests="1" name="ParallelTest" time="0.873" errors="0" timestamp="2023-09-21T08:20:37 IST">
  <testcase classname="com.sortly.automation.ui.base.BaseClass" name="@AfterMethod checkStatus" time="0.182">
    <failure type="java.lang.NullPointerException" message="Cannot invoke &amp;quot;com.aventstack.extentreports.ExtentTest.addScreenCaptureFromPath(String)&amp;quot; because the return value of &amp;quot;java.lang.ThreadLocal.get()&amp;quot; is null">
      <![CDATA[java.lang.NullPointerException: Cannot invoke "com.aventstack.extentreports.ExtentTest.addScreenCaptureFromPath(String)" because the return value of "java.lang.ThreadLocal.get()" is null
at com.sortly.automation.ui.base.BaseClass.checkStatus(BaseClass.java:73)
at java.base/java.util.ArrayList.forEach(ArrayList.java:1511)
... Removed 32 stack frames]]>
    </failure>
  </testcase> <!-- @AfterMethod checkStatus -->
  <testcase classname="com.sortly.automation.ui.test.SortlyUserLoginTests" name="loginAsOwnerWithValidCridentials" time="0.449">
    <failure type="java.lang.NullPointerException" message="Cannot invoke &amp;quot;com.aventstack.extentreports.ExtentTest.pass(com.aventstack.extentreports.markuputils.Markup)&amp;quot; because the return value of &amp;quot;java.lang.ThreadLocal.get()&amp;quot; is null">
      <![CDATA[java.lang.NullPointerException: Cannot invoke "com.aventstack.extentreports.ExtentTest.pass(com.aventstack.extentreports.markuputils.Markup)" because the return value of "java.lang.ThreadLocal.get()" is null
at com.sortly.automation.reportconfig.ExtentReportManager.logPass(ExtentReportManager.java:31)
at com.sortly.automation.assertionhandler.Assertions.assertEquals(Assertions.java:13)
at com.sortly.automation.ui.test.SortlyUserLoginTests.loginAsOwnerWithValidCridentials(SortlyUserLoginTests.java:23)
at java.base/java.util.ArrayList.forEach(ArrayList.java:1511)
... Removed 27 stack frames]]>
    </failure>
  </testcase> <!-- loginAsOwnerWithValidCridentials -->
</testsuite> <!-- ParallelTest -->
