<?xml version="1.0" encoding="UTF-8"?>
<!-- Generated by org.testng.reporters.JUnitXMLReporter -->
<testsuite ignored="2" hostname="Sumits-MacBook-Pro.local" failures="1" tests="2" name="sequential" time="16.759" errors="0" timestamp="2023-09-21T08:44:32 IST">
  <testcase classname="com.sortly.automation.ui.base.BaseClass" name="@AfterMethod checkStatus" time="0.274">
    <failure type="java.lang.NullPointerException" message="Cannot invoke &amp;quot;com.aventstack.extentreports.ExtentTest.pass(String)&amp;quot; because &amp;quot;this.extentTest&amp;quot; is null">
      <![CDATA[java.lang.NullPointerException: Cannot invoke "com.aventstack.extentreports.ExtentTest.pass(String)" because "this.extentTest" is null
at com.sortly.automation.ui.base.BaseClass.checkStatus(BaseClass.java:87)
at java.base/java.util.ArrayList.forEach(ArrayList.java:1511)
... Removed 32 stack frames]]>
    </failure>
  </testcase> <!-- @AfterMethod checkStatus -->
  <testcase classname="com.sortly.automation.ui.base.BaseClass" name="@AfterMethod checkStatus" time="0.002">
    <failure type="java.lang.NullPointerException" message="Cannot invoke &amp;quot;org.openqa.selenium.TakesScreenshot.getScreenshotAs(org.openqa.selenium.OutputType)&amp;quot; because &amp;quot;this.driver&amp;quot; is null">
      <![CDATA[java.lang.NullPointerException: Cannot invoke "org.openqa.selenium.TakesScreenshot.getScreenshotAs(org.openqa.selenium.OutputType)" because "this.driver" is null
at com.sortly.automation.ui.base.BaseClass.checkStatus(BaseClass.java:68)
at java.base/java.util.ArrayList.forEach(ArrayList.java:1511)
... Removed 32 stack frames]]>
    </failure>
  </testcase> <!-- @AfterMethod checkStatus -->
  <testcase classname="com.sortly.automation.ui.test.SortlyUserLoginTests" name="loginAsOwnerWithValidCridentials" time="10.96"/>
  <testcase classname="com.sortly.automation.ui.test.SortlyFolderAndItemOperationTests" name="addFolder" time="5.011">
    <failure type="java.lang.NullPointerException" message="Cannot invoke &amp;quot;org.openqa.selenium.WebDriver.findElement(org.openqa.selenium.By)&amp;quot; because &amp;quot;this.driver&amp;quot; is null">
      <![CDATA[java.lang.NullPointerException: Cannot invoke "org.openqa.selenium.WebDriver.findElement(org.openqa.selenium.By)" because "this.driver" is null
at com.sortly.automation.ui.page.SortlyItemsPage.clickAddNewButton(SortlyItemsPage.java:87)
at com.sortly.automation.ui.test.SortlyFolderAndItemOperationTests.addFolder(SortlyFolderAndItemOperationTests.java:23)
at java.base/java.util.ArrayList.forEach(ArrayList.java:1511)
... Removed 27 stack frames]]>
    </failure>
  </testcase> <!-- addFolder -->
  <testcase classname="com.sortly.automation.ui.base.BaseClass" name="@BeforeSuite lunchBrowser" time="0.0">
    <ignored/>
  </testcase> <!-- @BeforeSuite lunchBrowser -->
  <testcase classname="com.sortly.automation.ui.base.BaseClass" name="@AfterSuite quitQuit" time="0.0">
    <ignored/>
  </testcase> <!-- @AfterSuite quitQuit -->
</testsuite> <!-- sequential -->
