<?xml version="1.0" encoding="UTF-8"?>
<!-- Generated by org.testng.reporters.JUnitXMLReporter -->
<testsuite ignored="0" hostname="Sumits-MacBook-Pro.local" failures="0" tests="1" name="Test" time="0.354" errors="0" timestamp="2023-09-20T14:34:23 IST">
  <testcase classname="com.sortly.automation.ui.base.BaseClass" name="@BeforeSuite lunchBrowser" time="0.057">
    <failure type="java.lang.NoSuchFieldError" message="Companion">
      <![CDATA[java.lang.NoSuchFieldError: Companion
at okhttp3.internal.Util.<clinit>(Util.kt:71)
at okhttp3.internal.concurrent.TaskRunner.<clinit>(TaskRunner.kt:309)
at okhttp3.ConnectionPool.<init>(ConnectionPool.kt:41)
at okhttp3.ConnectionPool.<init>(ConnectionPool.kt:47)
at org.openqa.selenium.remote.internal.OkHttpClient$Factory.<init>(OkHttpClient.java:116)
at org.openqa.selenium.remote.http.HttpClient$Factory.createDefault(HttpClient.java:66)
at org.openqa.selenium.remote.HttpCommandExecutor.<clinit>(HttpCommandExecutor.java:47)
at org.openqa.selenium.firefox.FirefoxDriver.toExecutor(FirefoxDriver.java:190)
at org.openqa.selenium.firefox.FirefoxDriver.<init>(FirefoxDriver.java:147)
at org.openqa.selenium.firefox.FirefoxDriver.<init>(FirefoxDriver.java:125)
at com.sortly.automation.ui.base.BaseClass.lunchBrowser(BaseClass.java:48)
... Removed 19 stack frames]]>
    </failure>
  </testcase> <!-- @BeforeSuite lunchBrowser -->
  <testcase classname="com.sortly.automation.ui.base.BaseClass" name="@AfterMethod checkStatus" time="0.004">
    <failure type="java.lang.NullPointerException" message="Cannot invoke &amp;quot;org.openqa.selenium.TakesScreenshot.getScreenshotAs(org.openqa.selenium.OutputType)&amp;quot; because &amp;quot;com.sortly.automation.ui.base.BaseClass.driver&amp;quot; is null">
      <![CDATA[java.lang.NullPointerException: Cannot invoke "org.openqa.selenium.TakesScreenshot.getScreenshotAs(org.openqa.selenium.OutputType)" because "com.sortly.automation.ui.base.BaseClass.driver" is null
at com.sortly.automation.ui.base.BaseClass.checkStatus(BaseClass.java:71)
at java.base/java.util.ArrayList.forEach(ArrayList.java:1511)
... Removed 32 stack frames]]>
    </failure>
  </testcase> <!-- @AfterMethod checkStatus -->
  <testcase classname="com.sortly.automation.ui.test.SortlyUserLoginTests" name="loginAsOwnerWithValidCridentials" time="0.0">
    <skipped/>
  </testcase> <!-- loginAsOwnerWithValidCridentials -->
</testsuite> <!-- Test -->
